<?xml version="1.0" encoding="UTF-8"?>
<testsuites>
  <testsuite name="" tests="32" assertions="65" errors="0" warnings="0" failures="0" skipped="0" time="0.180399">
    <testsuite name="Project Test Suite" tests="32" assertions="65" errors="0" warnings="0" failures="0" skipped="0" time="0.180399">
      <testsuite name="App\Card\CardGraphicTest" file="/home/pela23/dbwebb-kurser/mvc/me/report/tests/Card/CardGraphicTest.php" tests="2" assertions="5" errors="0" warnings="0" failures="0" skipped="0" time="0.020050">
        <testcase name="testCreateCardGraphic" class="App\Card\CardGraphicTest" classname="App.Card.CardGraphicTest" file="/home/pela23/dbwebb-kurser/mvc/me/report/tests/Card/CardGraphicTest.php" line="16" assertions="3" time="0.019205"/>
        <testcase name="testGetAsString" class="App\Card\CardGraphicTest" classname="App.Card.CardGraphicTest" file="/home/pela23/dbwebb-kurser/mvc/me/report/tests/Card/CardGraphicTest.php" line="27" assertions="2" time="0.000845"/>
      </testsuite>
      <testsuite name="App\Card\CardTest" file="/home/pela23/dbwebb-kurser/mvc/me/report/tests/Card/CardTest.php" tests="3" assertions="7" errors="0" warnings="0" failures="0" skipped="0" time="0.005718">
        <testcase name="testCreateCard" class="App\Card\CardTest" classname="App.Card.CardTest" file="/home/pela23/dbwebb-kurser/mvc/me/report/tests/Card/CardTest.php" line="16" assertions="3" time="0.000531"/>
        <testcase name="testGetBlackjackValue" class="App\Card\CardTest" classname="App.Card.CardTest" file="/home/pela23/dbwebb-kurser/mvc/me/report/tests/Card/CardTest.php" line="27" assertions="3" time="0.001555"/>
        <testcase name="testGetAsString" class="App\Card\CardTest" classname="App.Card.CardTest" file="/home/pela23/dbwebb-kurser/mvc/me/report/tests/Card/CardTest.php" line="41" assertions="1" time="0.003632"/>
      </testsuite>
      <testsuite name="App\Card\DeckTest" file="/home/pela23/dbwebb-kurser/mvc/me/report/tests/Card/DeckTest.php" tests="4" assertions="11" errors="0" warnings="0" failures="0" skipped="0" time="0.015609">
        <testcase name="testCreateDeck" class="App\Card\DeckTest" classname="App.Card.DeckTest" file="/home/pela23/dbwebb-kurser/mvc/me/report/tests/Card/DeckTest.php" line="15" assertions="2" time="0.004925"/>
        <testcase name="testDrawCard" class="App\Card\DeckTest" classname="App.Card.DeckTest" file="/home/pela23/dbwebb-kurser/mvc/me/report/tests/Card/DeckTest.php" line="25" assertions="2" time="0.002549"/>
        <testcase name="testGetCards" class="App\Card\DeckTest" classname="App.Card.DeckTest" file="/home/pela23/dbwebb-kurser/mvc/me/report/tests/Card/DeckTest.php" line="37" assertions="5" time="0.001784"/>
        <testcase name="testDrawAllCards" class="App\Card\DeckTest" classname="App.Card.DeckTest" file="/home/pela23/dbwebb-kurser/mvc/me/report/tests/Card/DeckTest.php" line="53" assertions="2" time="0.006351"/>
      </testsuite>
      <testsuite name="App\Dice\DiceHandTest" file="/home/pela23/dbwebb-kurser/mvc/me/report/tests/Dice/DiceHandTest.php" tests="1" assertions="1" errors="0" warnings="0" failures="0" skipped="0" time="0.034461">
        <testcase name="testAddStubbedDices" class="App\Dice\DiceHandTest" classname="App.Dice.DiceHandTest" file="/home/pela23/dbwebb-kurser/mvc/me/report/tests/Dice/DiceHandTest.php" line="15" assertions="1" time="0.034461"/>
      </testsuite>
      <testsuite name="App\Dice\DiceTest" file="/home/pela23/dbwebb-kurser/mvc/me/report/tests/Dice/DiceTest.php" tests="2" assertions="3" errors="0" warnings="0" failures="0" skipped="0" time="0.004209">
        <testcase name="testCreateDice" class="App\Dice\DiceTest" classname="App.Dice.DiceTest" file="/home/pela23/dbwebb-kurser/mvc/me/report/tests/Dice/DiceTest.php" line="16" assertions="2" time="0.003477"/>
        <testcase name="testStubRollDiceLastRoll" class="App\Dice\DiceTest" classname="App.Dice.DiceTest" file="/home/pela23/dbwebb-kurser/mvc/me/report/tests/Dice/DiceTest.php" line="27" assertions="1" time="0.000732"/>
      </testsuite>
      <testsuite name="App\Game\BlackjackGameTest" file="/home/pela23/dbwebb-kurser/mvc/me/report/tests/Game/BlackjackGameTest.php" tests="4" assertions="8" errors="0" warnings="0" failures="0" skipped="0" time="0.011762">
        <testcase name="testCreateBlackjackGame" class="App\Game\BlackjackGameTest" classname="App.Game.BlackjackGameTest" file="/home/pela23/dbwebb-kurser/mvc/me/report/tests/Game/BlackjackGameTest.php" line="18" assertions="3" time="0.002476"/>
        <testcase name="testDealCards" class="App\Game\BlackjackGameTest" classname="App.Game.BlackjackGameTest" file="/home/pela23/dbwebb-kurser/mvc/me/report/tests/Game/BlackjackGameTest.php" line="32" assertions="2" time="0.000978"/>
        <testcase name="testHit" class="App\Game\BlackjackGameTest" classname="App.Game.BlackjackGameTest" file="/home/pela23/dbwebb-kurser/mvc/me/report/tests/Game/BlackjackGameTest.php" line="46" assertions="2" time="0.002238"/>
        <testcase name="testGetHandValue" class="App\Game\BlackjackGameTest" classname="App.Game.BlackjackGameTest" file="/home/pela23/dbwebb-kurser/mvc/me/report/tests/Game/BlackjackGameTest.php" line="62" assertions="1" time="0.006071"/>
      </testsuite>
      <testsuite name="App\Tests\Game\BlackjackGameProjEndTest" file="/home/pela23/dbwebb-kurser/mvc/me/report/tests/GameProj/BlackjackGameProjEndTest.php" tests="7" assertions="14" errors="0" warnings="0" failures="0" skipped="0" time="0.034699">
        <testcase name="testIsHandBusted" class="App\Tests\Game\BlackjackGameProjEndTest" classname="App.Tests.Game.BlackjackGameProjEndTest" file="/home/pela23/dbwebb-kurser/mvc/me/report/tests/GameProj/BlackjackGameProjEndTest.php" line="15" assertions="1" time="0.010754"/>
        <testcase name="testIsGameOver" class="App\Tests\Game\BlackjackGameProjEndTest" classname="App.Tests.Game.BlackjackGameProjEndTest" file="/home/pela23/dbwebb-kurser/mvc/me/report/tests/GameProj/BlackjackGameProjEndTest.php" line="31" assertions="2" time="0.003434"/>
        <testcase name="testGetCurrentHandAndNextHand" class="App\Tests\Game\BlackjackGameProjEndTest" classname="App.Tests.Game.BlackjackGameProjEndTest" file="/home/pela23/dbwebb-kurser/mvc/me/report/tests/GameProj/BlackjackGameProjEndTest.php" line="47" assertions="3" time="0.002603"/>
        <testcase name="testGetCurrentHandAllHandsFinished" class="App\Tests\Game\BlackjackGameProjEndTest" classname="App.Tests.Game.BlackjackGameProjEndTest" file="/home/pela23/dbwebb-kurser/mvc/me/report/tests/GameProj/BlackjackGameProjEndTest.php" line="64" assertions="1" time="0.001837"/>
        <testcase name="testIsComputerHand" class="App\Tests\Game\BlackjackGameProjEndTest" classname="App.Tests.Game.BlackjackGameProjEndTest" file="/home/pela23/dbwebb-kurser/mvc/me/report/tests/GameProj/BlackjackGameProjEndTest.php" line="82" assertions="2" time="0.001805"/>
        <testcase name="testCheckForBlackjack" class="App\Tests\Game\BlackjackGameProjEndTest" classname="App.Tests.Game.BlackjackGameProjEndTest" file="/home/pela23/dbwebb-kurser/mvc/me/report/tests/GameProj/BlackjackGameProjEndTest.php" line="93" assertions="1" time="0.003251"/>
        <testcase name="testFinishGame" class="App\Tests\Game\BlackjackGameProjEndTest" classname="App.Tests.Game.BlackjackGameProjEndTest" file="/home/pela23/dbwebb-kurser/mvc/me/report/tests/GameProj/BlackjackGameProjEndTest.php" line="120" assertions="4" time="0.011015"/>
      </testsuite>
      <testsuite name="App\Tests\Game\BlackjackGameProjStartTest" file="/home/pela23/dbwebb-kurser/mvc/me/report/tests/GameProj/BlackjackGameProjStartTest.php" tests="9" assertions="16" errors="0" warnings="0" failures="0" skipped="0" time="0.053891">
        <testcase name="testCreateBlackjackGameProj" class="App\Tests\Game\BlackjackGameProjStartTest" classname="App.Tests.Game.BlackjackGameProjStartTest" file="/home/pela23/dbwebb-kurser/mvc/me/report/tests/GameProj/BlackjackGameProjStartTest.php" line="16" assertions="4" time="0.001962"/>
        <testcase name="testConstructorExceptionForInvalidNumberOfHands" class="App\Tests\Game\BlackjackGameProjStartTest" classname="App.Tests.Game.BlackjackGameProjStartTest" file="/home/pela23/dbwebb-kurser/mvc/me/report/tests/GameProj/BlackjackGameProjStartTest.php" line="29" assertions="1" time="0.010066"/>
        <testcase name="testDealCards" class="App\Tests\Game\BlackjackGameProjStartTest" classname="App.Tests.Game.BlackjackGameProjStartTest" file="/home/pela23/dbwebb-kurser/mvc/me/report/tests/GameProj/BlackjackGameProjStartTest.php" line="38" assertions="2" time="0.002640"/>
        <testcase name="testHit" class="App\Tests\Game\BlackjackGameProjStartTest" classname="App.Tests.Game.BlackjackGameProjStartTest" file="/home/pela23/dbwebb-kurser/mvc/me/report/tests/GameProj/BlackjackGameProjStartTest.php" line="53" assertions="2" time="0.001961"/>
        <testcase name="testGetHandValue" class="App\Tests\Game\BlackjackGameProjStartTest" classname="App.Tests.Game.BlackjackGameProjStartTest" file="/home/pela23/dbwebb-kurser/mvc/me/report/tests/GameProj/BlackjackGameProjStartTest.php" line="70" assertions="1" time="0.002858"/>
        <testcase name="testGetBustProbabilitySoftAce" class="App\Tests\Game\BlackjackGameProjStartTest" classname="App.Tests.Game.BlackjackGameProjStartTest" file="/home/pela23/dbwebb-kurser/mvc/me/report/tests/GameProj/BlackjackGameProjStartTest.php" line="92" assertions="1" time="0.004757"/>
        <testcase name="testGetBustProbabilityRest" class="App\Tests\Game\BlackjackGameProjStartTest" classname="App.Tests.Game.BlackjackGameProjStartTest" file="/home/pela23/dbwebb-kurser/mvc/me/report/tests/GameProj/BlackjackGameProjStartTest.php" line="119" assertions="2" time="0.016637"/>
        <testcase name="testPlayComputerHand" class="App\Tests\Game\BlackjackGameProjStartTest" classname="App.Tests.Game.BlackjackGameProjStartTest" file="/home/pela23/dbwebb-kurser/mvc/me/report/tests/GameProj/BlackjackGameProjStartTest.php" line="145" assertions="1" time="0.009906"/>
        <testcase name="testStandHand" class="App\Tests\Game\BlackjackGameProjStartTest" classname="App.Tests.Game.BlackjackGameProjStartTest" file="/home/pela23/dbwebb-kurser/mvc/me/report/tests/GameProj/BlackjackGameProjStartTest.php" line="178" assertions="2" time="0.003103"/>
      </testsuite>
    </testsuite>
  </testsuite>
</testsuites>
