<?xml version="1.0" encoding="UTF-8"?>
<testsuites>
  <testsuite name="" tests="32" assertions="74" errors="0" warnings="0" failures="0" skipped="0" time="0.112242">
    <testsuite name="Project Test Suite" tests="32" assertions="74" errors="0" warnings="0" failures="0" skipped="0" time="0.112242">
      <testsuite name="App\Card\CardGraphicTest" file="/home/pela23/dbwebb-kurser/mvc/me/report/tests/Card/CardGraphicTest.php" tests="2" assertions="5" errors="0" warnings="0" failures="0" skipped="0" time="0.014056">
        <testcase name="testCreateCardGraphic" class="App\Card\CardGraphicTest" classname="App.Card.CardGraphicTest" file="/home/pela23/dbwebb-kurser/mvc/me/report/tests/Card/CardGraphicTest.php" line="16" assertions="3" time="0.013493"/>
        <testcase name="testGetAsString" class="App\Card\CardGraphicTest" classname="App.Card.CardGraphicTest" file="/home/pela23/dbwebb-kurser/mvc/me/report/tests/Card/CardGraphicTest.php" line="27" assertions="2" time="0.000562"/>
      </testsuite>
      <testsuite name="App\Card\CardTest" file="/home/pela23/dbwebb-kurser/mvc/me/report/tests/Card/CardTest.php" tests="3" assertions="7" errors="0" warnings="0" failures="0" skipped="0" time="0.001383">
        <testcase name="testCreateCard" class="App\Card\CardTest" classname="App.Card.CardTest" file="/home/pela23/dbwebb-kurser/mvc/me/report/tests/Card/CardTest.php" line="16" assertions="3" time="0.000489"/>
        <testcase name="testGetBlackjackValue" class="App\Card\CardTest" classname="App.Card.CardTest" file="/home/pela23/dbwebb-kurser/mvc/me/report/tests/Card/CardTest.php" line="27" assertions="3" time="0.000445"/>
        <testcase name="testGetAsString" class="App\Card\CardTest" classname="App.Card.CardTest" file="/home/pela23/dbwebb-kurser/mvc/me/report/tests/Card/CardTest.php" line="41" assertions="1" time="0.000449"/>
      </testsuite>
      <testsuite name="App\Card\DeckTest" file="/home/pela23/dbwebb-kurser/mvc/me/report/tests/Card/DeckTest.php" tests="4" assertions="11" errors="0" warnings="0" failures="0" skipped="0" time="0.006489">
        <testcase name="testCreateDeck" class="App\Card\DeckTest" classname="App.Card.DeckTest" file="/home/pela23/dbwebb-kurser/mvc/me/report/tests/Card/DeckTest.php" line="15" assertions="2" time="0.001366"/>
        <testcase name="testDrawCard" class="App\Card\DeckTest" classname="App.Card.DeckTest" file="/home/pela23/dbwebb-kurser/mvc/me/report/tests/Card/DeckTest.php" line="25" assertions="2" time="0.000879"/>
        <testcase name="testGetCards" class="App\Card\DeckTest" classname="App.Card.DeckTest" file="/home/pela23/dbwebb-kurser/mvc/me/report/tests/Card/DeckTest.php" line="37" assertions="5" time="0.002579"/>
        <testcase name="testDrawAllCards" class="App\Card\DeckTest" classname="App.Card.DeckTest" file="/home/pela23/dbwebb-kurser/mvc/me/report/tests/Card/DeckTest.php" line="53" assertions="2" time="0.001665"/>
      </testsuite>
      <testsuite name="App\Dice\DiceHandTest" file="/home/pela23/dbwebb-kurser/mvc/me/report/tests/Dice/DiceHandTest.php" tests="1" assertions="1" errors="0" warnings="0" failures="0" skipped="0" time="0.023706">
        <testcase name="testAddStubbedDices" class="App\Dice\DiceHandTest" classname="App.Dice.DiceHandTest" file="/home/pela23/dbwebb-kurser/mvc/me/report/tests/Dice/DiceHandTest.php" line="15" assertions="1" time="0.023706"/>
      </testsuite>
      <testsuite name="App\Dice\DiceTest" file="/home/pela23/dbwebb-kurser/mvc/me/report/tests/Dice/DiceTest.php" tests="2" assertions="3" errors="0" warnings="0" failures="0" skipped="0" time="0.006888">
        <testcase name="testCreateDice" class="App\Dice\DiceTest" classname="App.Dice.DiceTest" file="/home/pela23/dbwebb-kurser/mvc/me/report/tests/Dice/DiceTest.php" line="16" assertions="2" time="0.005402"/>
        <testcase name="testStubRollDiceLastRoll" class="App\Dice\DiceTest" classname="App.Dice.DiceTest" file="/home/pela23/dbwebb-kurser/mvc/me/report/tests/Dice/DiceTest.php" line="27" assertions="1" time="0.001486"/>
      </testsuite>
      <testsuite name="App\Game\BlackjackGameTest" file="/home/pela23/dbwebb-kurser/mvc/me/report/tests/Game/BlackjackGameTest.php" tests="4" assertions="8" errors="0" warnings="0" failures="0" skipped="0" time="0.010596">
        <testcase name="testCreateBlackjackGame" class="App\Game\BlackjackGameTest" classname="App.Game.BlackjackGameTest" file="/home/pela23/dbwebb-kurser/mvc/me/report/tests/Game/BlackjackGameTest.php" line="18" assertions="3" time="0.005370"/>
        <testcase name="testDealCards" class="App\Game\BlackjackGameTest" classname="App.Game.BlackjackGameTest" file="/home/pela23/dbwebb-kurser/mvc/me/report/tests/Game/BlackjackGameTest.php" line="32" assertions="2" time="0.001645"/>
        <testcase name="testHit" class="App\Game\BlackjackGameTest" classname="App.Game.BlackjackGameTest" file="/home/pela23/dbwebb-kurser/mvc/me/report/tests/Game/BlackjackGameTest.php" line="46" assertions="2" time="0.000938"/>
        <testcase name="testGetHandValue" class="App\Game\BlackjackGameTest" classname="App.Game.BlackjackGameTest" file="/home/pela23/dbwebb-kurser/mvc/me/report/tests/Game/BlackjackGameTest.php" line="62" assertions="1" time="0.002644"/>
      </testsuite>
      <testsuite name="App\Tests\Game\BlackjackGameProjEndTest" file="/home/pela23/dbwebb-kurser/mvc/me/report/tests/GameProj/BlackjackGameProjEndTest.php" tests="7" assertions="23" errors="0" warnings="0" failures="0" skipped="0" time="0.025792">
        <testcase name="testIsHandBusted" class="App\Tests\Game\BlackjackGameProjEndTest" classname="App.Tests.Game.BlackjackGameProjEndTest" file="/home/pela23/dbwebb-kurser/mvc/me/report/tests/GameProj/BlackjackGameProjEndTest.php" line="15" assertions="1" time="0.008424"/>
        <testcase name="testIsGameOver" class="App\Tests\Game\BlackjackGameProjEndTest" classname="App.Tests.Game.BlackjackGameProjEndTest" file="/home/pela23/dbwebb-kurser/mvc/me/report/tests/GameProj/BlackjackGameProjEndTest.php" line="30" assertions="2" time="0.002882"/>
        <testcase name="testGetCurrentHandAndNextHand" class="App\Tests\Game\BlackjackGameProjEndTest" classname="App.Tests.Game.BlackjackGameProjEndTest" file="/home/pela23/dbwebb-kurser/mvc/me/report/tests/GameProj/BlackjackGameProjEndTest.php" line="46" assertions="3" time="0.001945"/>
        <testcase name="testGetCurrentHandAllHandsFinished" class="App\Tests\Game\BlackjackGameProjEndTest" classname="App.Tests.Game.BlackjackGameProjEndTest" file="/home/pela23/dbwebb-kurser/mvc/me/report/tests/GameProj/BlackjackGameProjEndTest.php" line="63" assertions="10" time="0.005455"/>
        <testcase name="testIsComputerHand" class="App\Tests\Game\BlackjackGameProjEndTest" classname="App.Tests.Game.BlackjackGameProjEndTest" file="/home/pela23/dbwebb-kurser/mvc/me/report/tests/GameProj/BlackjackGameProjEndTest.php" line="86" assertions="2" time="0.001922"/>
        <testcase name="testCheckForBlackjack" class="App\Tests\Game\BlackjackGameProjEndTest" classname="App.Tests.Game.BlackjackGameProjEndTest" file="/home/pela23/dbwebb-kurser/mvc/me/report/tests/GameProj/BlackjackGameProjEndTest.php" line="97" assertions="1" time="0.002734"/>
        <testcase name="testFinishGame" class="App\Tests\Game\BlackjackGameProjEndTest" classname="App.Tests.Game.BlackjackGameProjEndTest" file="/home/pela23/dbwebb-kurser/mvc/me/report/tests/GameProj/BlackjackGameProjEndTest.php" line="124" assertions="4" time="0.002430"/>
      </testsuite>
      <testsuite name="App\Tests\Game\BlackjackGameProjStartTest" file="/home/pela23/dbwebb-kurser/mvc/me/report/tests/GameProj/BlackjackGameProjStartTest.php" tests="9" assertions="16" errors="0" warnings="0" failures="0" skipped="0" time="0.023331">
        <testcase name="testCreateBlackjackGameProj" class="App\Tests\Game\BlackjackGameProjStartTest" classname="App.Tests.Game.BlackjackGameProjStartTest" file="/home/pela23/dbwebb-kurser/mvc/me/report/tests/GameProj/BlackjackGameProjStartTest.php" line="16" assertions="4" time="0.002345"/>
        <testcase name="testConstructorExceptionForInvalidNumberOfHands" class="App\Tests\Game\BlackjackGameProjStartTest" classname="App.Tests.Game.BlackjackGameProjStartTest" file="/home/pela23/dbwebb-kurser/mvc/me/report/tests/GameProj/BlackjackGameProjStartTest.php" line="29" assertions="1" time="0.003145"/>
        <testcase name="testDealCards" class="App\Tests\Game\BlackjackGameProjStartTest" classname="App.Tests.Game.BlackjackGameProjStartTest" file="/home/pela23/dbwebb-kurser/mvc/me/report/tests/GameProj/BlackjackGameProjStartTest.php" line="38" assertions="2" time="0.001884"/>
        <testcase name="testHit" class="App\Tests\Game\BlackjackGameProjStartTest" classname="App.Tests.Game.BlackjackGameProjStartTest" file="/home/pela23/dbwebb-kurser/mvc/me/report/tests/GameProj/BlackjackGameProjStartTest.php" line="53" assertions="2" time="0.001892"/>
        <testcase name="testGetHandValue" class="App\Tests\Game\BlackjackGameProjStartTest" classname="App.Tests.Game.BlackjackGameProjStartTest" file="/home/pela23/dbwebb-kurser/mvc/me/report/tests/GameProj/BlackjackGameProjStartTest.php" line="70" assertions="1" time="0.002901"/>
        <testcase name="testGetBustProbabilitySoftAce" class="App\Tests\Game\BlackjackGameProjStartTest" classname="App.Tests.Game.BlackjackGameProjStartTest" file="/home/pela23/dbwebb-kurser/mvc/me/report/tests/GameProj/BlackjackGameProjStartTest.php" line="92" assertions="1" time="0.002575"/>
        <testcase name="testGetBustProbabilityRest" class="App\Tests\Game\BlackjackGameProjStartTest" classname="App.Tests.Game.BlackjackGameProjStartTest" file="/home/pela23/dbwebb-kurser/mvc/me/report/tests/GameProj/BlackjackGameProjStartTest.php" line="119" assertions="2" time="0.003572"/>
        <testcase name="testPlayComputerHand" class="App\Tests\Game\BlackjackGameProjStartTest" classname="App.Tests.Game.BlackjackGameProjStartTest" file="/home/pela23/dbwebb-kurser/mvc/me/report/tests/GameProj/BlackjackGameProjStartTest.php" line="145" assertions="1" time="0.003153"/>
        <testcase name="testStandHand" class="App\Tests\Game\BlackjackGameProjStartTest" classname="App.Tests.Game.BlackjackGameProjStartTest" file="/home/pela23/dbwebb-kurser/mvc/me/report/tests/GameProj/BlackjackGameProjStartTest.php" line="178" assertions="2" time="0.001863"/>
      </testsuite>
    </testsuite>
  </testsuite>
</testsuites>
