<?xml version="1.0" encoding="UTF-8"?>
<testsuites>
  <testsuite name="" tests="32" assertions="67" errors="0" warnings="0" failures="0" skipped="0" time="0.115828">
    <testsuite name="Project Test Suite" tests="32" assertions="67" errors="0" warnings="0" failures="0" skipped="0" time="0.115828">
      <testsuite name="App\Card\CardGraphicTest" file="/home/pela23/dbwebb-kurser/mvc/me/report/tests/Card/CardGraphicTest.php" tests="2" assertions="5" errors="0" warnings="0" failures="0" skipped="0" time="0.015759">
        <testcase name="testCreateCardGraphic" class="App\Card\CardGraphicTest" classname="App.Card.CardGraphicTest" file="/home/pela23/dbwebb-kurser/mvc/me/report/tests/Card/CardGraphicTest.php" line="16" assertions="3" time="0.015140"/>
        <testcase name="testGetAsString" class="App\Card\CardGraphicTest" classname="App.Card.CardGraphicTest" file="/home/pela23/dbwebb-kurser/mvc/me/report/tests/Card/CardGraphicTest.php" line="27" assertions="2" time="0.000620"/>
      </testsuite>
      <testsuite name="App\Card\CardTest" file="/home/pela23/dbwebb-kurser/mvc/me/report/tests/Card/CardTest.php" tests="3" assertions="7" errors="0" warnings="0" failures="0" skipped="0" time="0.001618">
        <testcase name="testCreateCard" class="App\Card\CardTest" classname="App.Card.CardTest" file="/home/pela23/dbwebb-kurser/mvc/me/report/tests/Card/CardTest.php" line="16" assertions="3" time="0.000514"/>
        <testcase name="testGetBlackjackValue" class="App\Card\CardTest" classname="App.Card.CardTest" file="/home/pela23/dbwebb-kurser/mvc/me/report/tests/Card/CardTest.php" line="27" assertions="3" time="0.000434"/>
        <testcase name="testGetAsString" class="App\Card\CardTest" classname="App.Card.CardTest" file="/home/pela23/dbwebb-kurser/mvc/me/report/tests/Card/CardTest.php" line="41" assertions="1" time="0.000670"/>
      </testsuite>
      <testsuite name="App\Card\DeckTest" file="/home/pela23/dbwebb-kurser/mvc/me/report/tests/Card/DeckTest.php" tests="4" assertions="11" errors="0" warnings="0" failures="0" skipped="0" time="0.006448">
        <testcase name="testCreateDeck" class="App\Card\DeckTest" classname="App.Card.DeckTest" file="/home/pela23/dbwebb-kurser/mvc/me/report/tests/Card/DeckTest.php" line="15" assertions="2" time="0.001828"/>
        <testcase name="testDrawCard" class="App\Card\DeckTest" classname="App.Card.DeckTest" file="/home/pela23/dbwebb-kurser/mvc/me/report/tests/Card/DeckTest.php" line="25" assertions="2" time="0.001093"/>
        <testcase name="testGetCards" class="App\Card\DeckTest" classname="App.Card.DeckTest" file="/home/pela23/dbwebb-kurser/mvc/me/report/tests/Card/DeckTest.php" line="37" assertions="5" time="0.001928"/>
        <testcase name="testDrawAllCards" class="App\Card\DeckTest" classname="App.Card.DeckTest" file="/home/pela23/dbwebb-kurser/mvc/me/report/tests/Card/DeckTest.php" line="53" assertions="2" time="0.001599"/>
      </testsuite>
      <testsuite name="App\Dice\DiceHandTest" file="/home/pela23/dbwebb-kurser/mvc/me/report/tests/Dice/DiceHandTest.php" tests="1" assertions="1" errors="0" warnings="0" failures="0" skipped="0" time="0.024642">
        <testcase name="testAddStubbedDices" class="App\Dice\DiceHandTest" classname="App.Dice.DiceHandTest" file="/home/pela23/dbwebb-kurser/mvc/me/report/tests/Dice/DiceHandTest.php" line="15" assertions="1" time="0.024642"/>
      </testsuite>
      <testsuite name="App\Dice\DiceTest" file="/home/pela23/dbwebb-kurser/mvc/me/report/tests/Dice/DiceTest.php" tests="2" assertions="3" errors="0" warnings="0" failures="0" skipped="0" time="0.003944">
        <testcase name="testCreateDice" class="App\Dice\DiceTest" classname="App.Dice.DiceTest" file="/home/pela23/dbwebb-kurser/mvc/me/report/tests/Dice/DiceTest.php" line="16" assertions="2" time="0.003200"/>
        <testcase name="testStubRollDiceLastRoll" class="App\Dice\DiceTest" classname="App.Dice.DiceTest" file="/home/pela23/dbwebb-kurser/mvc/me/report/tests/Dice/DiceTest.php" line="27" assertions="1" time="0.000743"/>
      </testsuite>
      <testsuite name="App\Game\BlackjackGameTest" file="/home/pela23/dbwebb-kurser/mvc/me/report/tests/Game/BlackjackGameTest.php" tests="4" assertions="8" errors="0" warnings="0" failures="0" skipped="0" time="0.009426">
        <testcase name="testCreateBlackjackGame" class="App\Game\BlackjackGameTest" classname="App.Game.BlackjackGameTest" file="/home/pela23/dbwebb-kurser/mvc/me/report/tests/Game/BlackjackGameTest.php" line="18" assertions="3" time="0.004930"/>
        <testcase name="testDealCards" class="App\Game\BlackjackGameTest" classname="App.Game.BlackjackGameTest" file="/home/pela23/dbwebb-kurser/mvc/me/report/tests/Game/BlackjackGameTest.php" line="32" assertions="2" time="0.001099"/>
        <testcase name="testHit" class="App\Game\BlackjackGameTest" classname="App.Game.BlackjackGameTest" file="/home/pela23/dbwebb-kurser/mvc/me/report/tests/Game/BlackjackGameTest.php" line="46" assertions="2" time="0.001094"/>
        <testcase name="testGetHandValue" class="App\Game\BlackjackGameTest" classname="App.Game.BlackjackGameTest" file="/home/pela23/dbwebb-kurser/mvc/me/report/tests/Game/BlackjackGameTest.php" line="62" assertions="1" time="0.002303"/>
      </testsuite>
      <testsuite name="App\Tests\Game\BlackjackGameProjEndTest" file="/home/pela23/dbwebb-kurser/mvc/me/report/tests/GameProj/BlackjackGameProjEndTest.php" tests="7" assertions="16" errors="0" warnings="0" failures="0" skipped="0" time="0.030229">
        <testcase name="testIsHandBusted" class="App\Tests\Game\BlackjackGameProjEndTest" classname="App.Tests.Game.BlackjackGameProjEndTest" file="/home/pela23/dbwebb-kurser/mvc/me/report/tests/GameProj/BlackjackGameProjEndTest.php" line="15" assertions="1" time="0.011697"/>
        <testcase name="testIsGameOver" class="App\Tests\Game\BlackjackGameProjEndTest" classname="App.Tests.Game.BlackjackGameProjEndTest" file="/home/pela23/dbwebb-kurser/mvc/me/report/tests/GameProj/BlackjackGameProjEndTest.php" line="30" assertions="2" time="0.003187"/>
        <testcase name="testGetCurrentHandAndNextHand" class="App\Tests\Game\BlackjackGameProjEndTest" classname="App.Tests.Game.BlackjackGameProjEndTest" file="/home/pela23/dbwebb-kurser/mvc/me/report/tests/GameProj/BlackjackGameProjEndTest.php" line="46" assertions="3" time="0.001773"/>
        <testcase name="testGetCurrentHandAllHandsFinished" class="App\Tests\Game\BlackjackGameProjEndTest" classname="App.Tests.Game.BlackjackGameProjEndTest" file="/home/pela23/dbwebb-kurser/mvc/me/report/tests/GameProj/BlackjackGameProjEndTest.php" line="63" assertions="3" time="0.002425"/>
        <testcase name="testIsComputerHand" class="App\Tests\Game\BlackjackGameProjEndTest" classname="App.Tests.Game.BlackjackGameProjEndTest" file="/home/pela23/dbwebb-kurser/mvc/me/report/tests/GameProj/BlackjackGameProjEndTest.php" line="80" assertions="2" time="0.001831"/>
        <testcase name="testCheckForBlackjack" class="App\Tests\Game\BlackjackGameProjEndTest" classname="App.Tests.Game.BlackjackGameProjEndTest" file="/home/pela23/dbwebb-kurser/mvc/me/report/tests/GameProj/BlackjackGameProjEndTest.php" line="91" assertions="1" time="0.003468"/>
        <testcase name="testFinishGame" class="App\Tests\Game\BlackjackGameProjEndTest" classname="App.Tests.Game.BlackjackGameProjEndTest" file="/home/pela23/dbwebb-kurser/mvc/me/report/tests/GameProj/BlackjackGameProjEndTest.php" line="118" assertions="4" time="0.005849"/>
      </testsuite>
      <testsuite name="App\Tests\Game\BlackjackGameProjStartTest" file="/home/pela23/dbwebb-kurser/mvc/me/report/tests/GameProj/BlackjackGameProjStartTest.php" tests="9" assertions="16" errors="0" warnings="0" failures="0" skipped="0" time="0.023761">
        <testcase name="testCreateBlackjackGameProj" class="App\Tests\Game\BlackjackGameProjStartTest" classname="App.Tests.Game.BlackjackGameProjStartTest" file="/home/pela23/dbwebb-kurser/mvc/me/report/tests/GameProj/BlackjackGameProjStartTest.php" line="16" assertions="4" time="0.002367"/>
        <testcase name="testConstructorExceptionForInvalidNumberOfHands" class="App\Tests\Game\BlackjackGameProjStartTest" classname="App.Tests.Game.BlackjackGameProjStartTest" file="/home/pela23/dbwebb-kurser/mvc/me/report/tests/GameProj/BlackjackGameProjStartTest.php" line="29" assertions="1" time="0.002818"/>
        <testcase name="testDealCards" class="App\Tests\Game\BlackjackGameProjStartTest" classname="App.Tests.Game.BlackjackGameProjStartTest" file="/home/pela23/dbwebb-kurser/mvc/me/report/tests/GameProj/BlackjackGameProjStartTest.php" line="38" assertions="2" time="0.001931"/>
        <testcase name="testHit" class="App\Tests\Game\BlackjackGameProjStartTest" classname="App.Tests.Game.BlackjackGameProjStartTest" file="/home/pela23/dbwebb-kurser/mvc/me/report/tests/GameProj/BlackjackGameProjStartTest.php" line="53" assertions="2" time="0.001825"/>
        <testcase name="testGetHandValue" class="App\Tests\Game\BlackjackGameProjStartTest" classname="App.Tests.Game.BlackjackGameProjStartTest" file="/home/pela23/dbwebb-kurser/mvc/me/report/tests/GameProj/BlackjackGameProjStartTest.php" line="70" assertions="1" time="0.002267"/>
        <testcase name="testGetBustProbabilitySoftAce" class="App\Tests\Game\BlackjackGameProjStartTest" classname="App.Tests.Game.BlackjackGameProjStartTest" file="/home/pela23/dbwebb-kurser/mvc/me/report/tests/GameProj/BlackjackGameProjStartTest.php" line="92" assertions="1" time="0.002716"/>
        <testcase name="testGetBustProbabilityRest" class="App\Tests\Game\BlackjackGameProjStartTest" classname="App.Tests.Game.BlackjackGameProjStartTest" file="/home/pela23/dbwebb-kurser/mvc/me/report/tests/GameProj/BlackjackGameProjStartTest.php" line="119" assertions="2" time="0.004286"/>
        <testcase name="testPlayComputerHand" class="App\Tests\Game\BlackjackGameProjStartTest" classname="App.Tests.Game.BlackjackGameProjStartTest" file="/home/pela23/dbwebb-kurser/mvc/me/report/tests/GameProj/BlackjackGameProjStartTest.php" line="145" assertions="1" time="0.002812"/>
        <testcase name="testStandHand" class="App\Tests\Game\BlackjackGameProjStartTest" classname="App.Tests.Game.BlackjackGameProjStartTest" file="/home/pela23/dbwebb-kurser/mvc/me/report/tests/GameProj/BlackjackGameProjStartTest.php" line="178" assertions="2" time="0.002739"/>
      </testsuite>
    </testsuite>
  </testsuite>
</testsuites>
