<?xml version="1.0" encoding="UTF-8"?>
<testsuites>
  <testsuite name="" tests="32" assertions="74" errors="0" warnings="0" failures="0" skipped="0" time="0.282566">
    <testsuite name="Project Test Suite" tests="32" assertions="74" errors="0" warnings="0" failures="0" skipped="0" time="0.282566">
      <testsuite name="App\Card\CardGraphicTest" file="/home/pela23/dbwebb-kurser/mvc/me/report/tests/Card/CardGraphicTest.php" tests="2" assertions="5" errors="0" warnings="0" failures="0" skipped="0" time="0.014222">
        <testcase name="testCreateCardGraphic" class="App\Card\CardGraphicTest" classname="App.Card.CardGraphicTest" file="/home/pela23/dbwebb-kurser/mvc/me/report/tests/Card/CardGraphicTest.php" line="16" assertions="3" time="0.013612"/>
        <testcase name="testGetAsString" class="App\Card\CardGraphicTest" classname="App.Card.CardGraphicTest" file="/home/pela23/dbwebb-kurser/mvc/me/report/tests/Card/CardGraphicTest.php" line="27" assertions="2" time="0.000610"/>
      </testsuite>
      <testsuite name="App\Card\CardTest" file="/home/pela23/dbwebb-kurser/mvc/me/report/tests/Card/CardTest.php" tests="3" assertions="7" errors="0" warnings="0" failures="0" skipped="0" time="0.001353">
        <testcase name="testCreateCard" class="App\Card\CardTest" classname="App.Card.CardTest" file="/home/pela23/dbwebb-kurser/mvc/me/report/tests/Card/CardTest.php" line="16" assertions="3" time="0.000511"/>
        <testcase name="testGetBlackjackValue" class="App\Card\CardTest" classname="App.Card.CardTest" file="/home/pela23/dbwebb-kurser/mvc/me/report/tests/Card/CardTest.php" line="27" assertions="3" time="0.000418"/>
        <testcase name="testGetAsString" class="App\Card\CardTest" classname="App.Card.CardTest" file="/home/pela23/dbwebb-kurser/mvc/me/report/tests/Card/CardTest.php" line="41" assertions="1" time="0.000424"/>
      </testsuite>
      <testsuite name="App\Card\DeckTest" file="/home/pela23/dbwebb-kurser/mvc/me/report/tests/Card/DeckTest.php" tests="4" assertions="11" errors="0" warnings="0" failures="0" skipped="0" time="0.005568">
        <testcase name="testCreateDeck" class="App\Card\DeckTest" classname="App.Card.DeckTest" file="/home/pela23/dbwebb-kurser/mvc/me/report/tests/Card/DeckTest.php" line="15" assertions="2" time="0.001263"/>
        <testcase name="testDrawCard" class="App\Card\DeckTest" classname="App.Card.DeckTest" file="/home/pela23/dbwebb-kurser/mvc/me/report/tests/Card/DeckTest.php" line="25" assertions="2" time="0.000928"/>
        <testcase name="testGetCards" class="App\Card\DeckTest" classname="App.Card.DeckTest" file="/home/pela23/dbwebb-kurser/mvc/me/report/tests/Card/DeckTest.php" line="37" assertions="5" time="0.001589"/>
        <testcase name="testDrawAllCards" class="App\Card\DeckTest" classname="App.Card.DeckTest" file="/home/pela23/dbwebb-kurser/mvc/me/report/tests/Card/DeckTest.php" line="53" assertions="2" time="0.001789"/>
      </testsuite>
      <testsuite name="App\Dice\DiceHandTest" file="/home/pela23/dbwebb-kurser/mvc/me/report/tests/Dice/DiceHandTest.php" tests="1" assertions="1" errors="0" warnings="0" failures="0" skipped="0" time="0.021862">
        <testcase name="testAddStubbedDices" class="App\Dice\DiceHandTest" classname="App.Dice.DiceHandTest" file="/home/pela23/dbwebb-kurser/mvc/me/report/tests/Dice/DiceHandTest.php" line="15" assertions="1" time="0.021862"/>
      </testsuite>
      <testsuite name="App\Dice\DiceTest" file="/home/pela23/dbwebb-kurser/mvc/me/report/tests/Dice/DiceTest.php" tests="2" assertions="3" errors="0" warnings="0" failures="0" skipped="0" time="0.004213">
        <testcase name="testCreateDice" class="App\Dice\DiceTest" classname="App.Dice.DiceTest" file="/home/pela23/dbwebb-kurser/mvc/me/report/tests/Dice/DiceTest.php" line="16" assertions="2" time="0.003317"/>
        <testcase name="testStubRollDiceLastRoll" class="App\Dice\DiceTest" classname="App.Dice.DiceTest" file="/home/pela23/dbwebb-kurser/mvc/me/report/tests/Dice/DiceTest.php" line="27" assertions="1" time="0.000896"/>
      </testsuite>
      <testsuite name="App\Game\BlackjackGameTest" file="/home/pela23/dbwebb-kurser/mvc/me/report/tests/Game/BlackjackGameTest.php" tests="4" assertions="8" errors="0" warnings="0" failures="0" skipped="0" time="0.006800">
        <testcase name="testCreateBlackjackGame" class="App\Game\BlackjackGameTest" classname="App.Game.BlackjackGameTest" file="/home/pela23/dbwebb-kurser/mvc/me/report/tests/Game/BlackjackGameTest.php" line="18" assertions="3" time="0.002542"/>
        <testcase name="testDealCards" class="App\Game\BlackjackGameTest" classname="App.Game.BlackjackGameTest" file="/home/pela23/dbwebb-kurser/mvc/me/report/tests/Game/BlackjackGameTest.php" line="32" assertions="2" time="0.001152"/>
        <testcase name="testHit" class="App\Game\BlackjackGameTest" classname="App.Game.BlackjackGameTest" file="/home/pela23/dbwebb-kurser/mvc/me/report/tests/Game/BlackjackGameTest.php" line="46" assertions="2" time="0.000870"/>
        <testcase name="testGetHandValue" class="App\Game\BlackjackGameTest" classname="App.Game.BlackjackGameTest" file="/home/pela23/dbwebb-kurser/mvc/me/report/tests/Game/BlackjackGameTest.php" line="62" assertions="1" time="0.002237"/>
      </testsuite>
      <testsuite name="App\Tests\Game\BlackjackGameProjEndTest" file="/home/pela23/dbwebb-kurser/mvc/me/report/tests/GameProj/BlackjackGameProjEndTest.php" tests="7" assertions="23" errors="0" warnings="0" failures="0" skipped="0" time="0.118949">
        <testcase name="testIsHandBusted" class="App\Tests\Game\BlackjackGameProjEndTest" classname="App.Tests.Game.BlackjackGameProjEndTest" file="/home/pela23/dbwebb-kurser/mvc/me/report/tests/GameProj/BlackjackGameProjEndTest.php" line="15" assertions="1" time="0.009901"/>
        <testcase name="testIsGameOver" class="App\Tests\Game\BlackjackGameProjEndTest" classname="App.Tests.Game.BlackjackGameProjEndTest" file="/home/pela23/dbwebb-kurser/mvc/me/report/tests/GameProj/BlackjackGameProjEndTest.php" line="30" assertions="2" time="0.014824"/>
        <testcase name="testGetCurrentHandAndNextHand" class="App\Tests\Game\BlackjackGameProjEndTest" classname="App.Tests.Game.BlackjackGameProjEndTest" file="/home/pela23/dbwebb-kurser/mvc/me/report/tests/GameProj/BlackjackGameProjEndTest.php" line="46" assertions="3" time="0.013818"/>
        <testcase name="testGetCurrentHandAllHandsFinished" class="App\Tests\Game\BlackjackGameProjEndTest" classname="App.Tests.Game.BlackjackGameProjEndTest" file="/home/pela23/dbwebb-kurser/mvc/me/report/tests/GameProj/BlackjackGameProjEndTest.php" line="63" assertions="10" time="0.033597"/>
        <testcase name="testIsComputerHand" class="App\Tests\Game\BlackjackGameProjEndTest" classname="App.Tests.Game.BlackjackGameProjEndTest" file="/home/pela23/dbwebb-kurser/mvc/me/report/tests/GameProj/BlackjackGameProjEndTest.php" line="86" assertions="2" time="0.016635"/>
        <testcase name="testCheckForBlackjack" class="App\Tests\Game\BlackjackGameProjEndTest" classname="App.Tests.Game.BlackjackGameProjEndTest" file="/home/pela23/dbwebb-kurser/mvc/me/report/tests/GameProj/BlackjackGameProjEndTest.php" line="97" assertions="1" time="0.015904"/>
        <testcase name="testFinishGame" class="App\Tests\Game\BlackjackGameProjEndTest" classname="App.Tests.Game.BlackjackGameProjEndTest" file="/home/pela23/dbwebb-kurser/mvc/me/report/tests/GameProj/BlackjackGameProjEndTest.php" line="124" assertions="4" time="0.014270"/>
      </testsuite>
      <testsuite name="App\Tests\Game\BlackjackGameProjStartTest" file="/home/pela23/dbwebb-kurser/mvc/me/report/tests/GameProj/BlackjackGameProjStartTest.php" tests="9" assertions="16" errors="0" warnings="0" failures="0" skipped="0" time="0.109598">
        <testcase name="testCreateBlackjackGameProj" class="App\Tests\Game\BlackjackGameProjStartTest" classname="App.Tests.Game.BlackjackGameProjStartTest" file="/home/pela23/dbwebb-kurser/mvc/me/report/tests/GameProj/BlackjackGameProjStartTest.php" line="16" assertions="4" time="0.003418"/>
        <testcase name="testConstructorExceptionForInvalidNumberOfHands" class="App\Tests\Game\BlackjackGameProjStartTest" classname="App.Tests.Game.BlackjackGameProjStartTest" file="/home/pela23/dbwebb-kurser/mvc/me/report/tests/GameProj/BlackjackGameProjStartTest.php" line="29" assertions="1" time="0.016966"/>
        <testcase name="testDealCards" class="App\Tests\Game\BlackjackGameProjStartTest" classname="App.Tests.Game.BlackjackGameProjStartTest" file="/home/pela23/dbwebb-kurser/mvc/me/report/tests/GameProj/BlackjackGameProjStartTest.php" line="38" assertions="2" time="0.013357"/>
        <testcase name="testHit" class="App\Tests\Game\BlackjackGameProjStartTest" classname="App.Tests.Game.BlackjackGameProjStartTest" file="/home/pela23/dbwebb-kurser/mvc/me/report/tests/GameProj/BlackjackGameProjStartTest.php" line="53" assertions="2" time="0.004710"/>
        <testcase name="testGetHandValue" class="App\Tests\Game\BlackjackGameProjStartTest" classname="App.Tests.Game.BlackjackGameProjStartTest" file="/home/pela23/dbwebb-kurser/mvc/me/report/tests/GameProj/BlackjackGameProjStartTest.php" line="70" assertions="1" time="0.014854"/>
        <testcase name="testGetBustProbabilitySoftAce" class="App\Tests\Game\BlackjackGameProjStartTest" classname="App.Tests.Game.BlackjackGameProjStartTest" file="/home/pela23/dbwebb-kurser/mvc/me/report/tests/GameProj/BlackjackGameProjStartTest.php" line="92" assertions="1" time="0.015267"/>
        <testcase name="testGetBustProbabilityRest" class="App\Tests\Game\BlackjackGameProjStartTest" classname="App.Tests.Game.BlackjackGameProjStartTest" file="/home/pela23/dbwebb-kurser/mvc/me/report/tests/GameProj/BlackjackGameProjStartTest.php" line="119" assertions="2" time="0.016868"/>
        <testcase name="testPlayComputerHand" class="App\Tests\Game\BlackjackGameProjStartTest" classname="App.Tests.Game.BlackjackGameProjStartTest" file="/home/pela23/dbwebb-kurser/mvc/me/report/tests/GameProj/BlackjackGameProjStartTest.php" line="145" assertions="1" time="0.016864"/>
        <testcase name="testStandHand" class="App\Tests\Game\BlackjackGameProjStartTest" classname="App.Tests.Game.BlackjackGameProjStartTest" file="/home/pela23/dbwebb-kurser/mvc/me/report/tests/GameProj/BlackjackGameProjStartTest.php" line="178" assertions="2" time="0.007294"/>
      </testsuite>
    </testsuite>
  </testsuite>
</testsuites>
